user        1734  0.0  0.3  21156 12540 ?        Ss   06:32   0:00 /usr/lib/systemd/systemd --user
user        1737  0.0  0.0  21460  3664 ?        S    06:32   0:00 (sd-pam)
user        1748  0.0  0.4 122396 19204 ?        S<sl 06:32   0:00 /usr/bin/pipewire
user        1750  0.0  0.1  97736  5924 ?        Ssl  06:32   0:00 /usr/bin/pipewire -c filter-chain.conf
user        1753  0.0  0.3  39136 12060 ?        Ss   06:32   0:00 /snap/snapd-desktop-integration/315/usr/bin/snapd-desktop-integration
user        1755  0.0  0.4 406908 18632 ?        S<sl 06:32   0:00 /usr/bin/wireplumber
user        1759  0.0  0.4 122856 19152 ?        S<sl 06:32   0:00 /usr/bin/pipewire-pulse
user        1763  0.0  0.1  10828  6428 ?        Ss   06:32   0:00 /usr/bin/dbus-daemon --session --address=systemd: --nofork --nopidfile --systemd-activation --syslog-only
user        1765  0.0  0.2 463972 10176 ?        SLsl 06:32   0:00 /usr/bin/gnome-keyring-daemon --foreground --components=pkcs11,secrets --control-directory=/run/user/1000/keyring
user        1802  0.0  0.1 610292  7396 ?        Ssl  06:32   0:00 /usr/libexec/xdg-document-portal
user        1806  0.0  0.1 309308  6000 ?        Ssl  06:32   0:00 /usr/libexec/xdg-permission-store
root        1813  0.0  0.0   2704  1876 ?        Ss   06:32   0:00 fusermount3 -o rw,nosuid,nodev,fsname=portal,auto_unmount,subtype=portal -- /run/user/1000/doc
user        1851  0.0  0.1 235668  6048 tty2     Ssl+ 06:32   0:00 /usr/libexec/gdm-wayland-session env GNOME_SHELL_SESSION_MODE=ubuntu /usr/bin/gnome-session --session=ubuntu
user        1855  0.0  0.4 298236 16380 tty2     Sl+  06:32   0:00 /usr/libexec/gnome-session-binary --session=ubuntu
user        1908  0.0  0.1 162652  6924 ?        Ssl  06:32   0:00 /usr/libexec/gcr-ssh-agent --base-dir /run/user/1000/gcr
user        1910  0.0  0.1  91548  5576 ?        Ssl  06:32   0:00 /usr/libexec/gnome-session-ctl --monitor
user        1921  0.0  0.1 314268  7780 ?        Ssl  06:32   0:00 /usr/libexec/gvfsd
user        1940  0.0  0.1 459708  7044 ?        Sl   06:32   0:00 /usr/libexec/gvfsd-fuse /run/user/1000/gvfs -f
user        1944  0.0  0.4 594216 17892 ?        Ssl  06:32   0:00 /usr/libexec/gnome-session-binary --systemd-service --session=ubuntu
user        1973  0.0  0.1 382940  7724 ?        Sl   06:32   0:00 /usr/libexec/at-spi-bus-launcher --launch-immediately
user        1986  0.0  0.1   9612  5112 ?        S    06:32   0:00 /usr/bin/dbus-daemon --config-file=/usr/share/defaults/at-spi2/accessibility.conf --nofork --print-address 11 --address=unix:path=/run/user/1000/at-spi/bus
user        1987  5.6 10.8 5068260 437000 ?      Ssl  06:32   1:47 /usr/bin/gnome-shell
user        2043  0.0  0.1 236068  7352 ?        Sl   06:32   0:00 /usr/libexec/at-spi2-registryd --use-gnome-session
user        2063  0.0  0.4 654716 17224 ?        Sl   06:32   0:00 /usr/libexec/gnome-shell-calendar-server
user        2073  0.0  0.6 2531636 26836 ?       Sl   06:32   0:00 /usr/bin/gjs -m /usr/share/gnome-shell/org.gnome.Shell.Notifications
user        2088  0.0  0.2 388836 11904 ?        Ssl  06:32   0:01 /usr/bin/ibus-daemon --panel disable
user        2089  0.0  0.1 383520  6492 ?        Ssl  06:32   0:00 /usr/libexec/gsd-a11y-settings
user        2092  0.0  0.4 412976 19940 ?        Ssl  06:32   0:00 /usr/libexec/gsd-color
user        2094  0.0  0.3 431672 12276 ?        Ssl  06:32   0:00 /usr/libexec/gsd-datetime
user        2096  0.0  0.1 458868  7688 ?        Ssl  06:32   0:00 /usr/libexec/gsd-housekeeping
user        2098  0.0  0.4 485548 19428 ?        Ssl  06:32   0:00 /usr/libexec/gsd-keyboard
user        2099  0.0  0.6 520356 24840 ?        Ssl  06:32   0:00 /usr/libexec/gsd-media-keys
user        2101  0.0  0.5 523592 23768 ?        Ssl  06:32   0:00 /usr/libexec/gsd-power
user        2103  0.0  0.2 323628 11468 ?        Ssl  06:32   0:00 /usr/libexec/gsd-print-notifications
user        2104  0.0  0.1 531084  6272 ?        Ssl  06:32   0:00 /usr/libexec/gsd-rfkill
user        2105  0.0  0.1 309560  6008 ?        Ssl  06:32   0:00 /usr/libexec/gsd-screensaver-proxy
user        2109  0.0  0.2 543188 11576 ?        Ssl  06:32   0:00 /usr/libexec/gsd-sharing
user        2110  0.0  0.2 385820  8136 ?        Ssl  06:32   0:00 /usr/libexec/gsd-smartcard
user        2111  0.0  0.2 393636  9656 ?        Ssl  06:32   0:00 /usr/libexec/gsd-sound
user        2112  0.0  0.5 412672 20080 ?        Ssl  06:32   0:00 /usr/libexec/gsd-wacom
user        2143  0.0  0.1 305624  7284 ?        Sl   06:32   0:00 /usr/libexec/gsd-disk-utility-notify
user        2150  0.0  1.5 823680 60312 ?        Sl   06:32   0:00 /usr/libexec/evolution-data-server/evolution-alarm-notify
user        2213  0.0  0.3 416236 14616 ?        Sl   06:32   0:00 /usr/libexec/gsd-printer
user        2270  0.0  0.1 236644  6992 ?        Sl   06:32   0:00 /usr/libexec/ibus-memconf
user        2271  0.0  0.7 421532 29556 ?        Sl   06:32   0:01 /usr/libexec/ibus-extension-gtk3
user        2275  0.0  0.2 463052 10732 ?        Ssl  06:32   0:00 /usr/libexec/gvfs-udisks2-volume-monitor
user        2279  0.0  0.1 310424  7084 ?        Sl   06:32   0:00 /usr/libexec/ibus-portal
user        2294  0.0  0.1 389376  7828 ?        Ssl  06:32   0:00 /usr/libexec/gvfs-afc-volume-monitor
user        2308  0.0  1.0 592744 42596 ?        Ssl  06:32   0:00 /usr/libexec/evolution-source-registry
user        2309  0.0  0.1 310760  6708 ?        Ssl  06:32   0:00 /usr/libexec/gvfs-gphoto2-volume-monitor
user        2314  0.0  0.1 309792  6376 ?        Ssl  06:32   0:00 /usr/libexec/gvfs-mtp-volume-monitor
user        2319  0.0  0.1 309772  6136 ?        Ssl  06:32   0:00 /usr/libexec/gvfs-goa-volume-monitor
user        2333  0.0  0.5 546660 23976 ?        Sl   06:32   0:00 /usr/libexec/goa-daemon
user        2341  0.0  0.2 462856  9012 ?        Sl   06:32   0:00 /usr/libexec/goa-identity-service
user        2359  0.0  0.1 236768  7012 ?        Sl   06:32   0:00 /usr/libexec/ibus-engine-simple
user        2397  0.0  0.1 230232  5688 ?        Ssl  06:32   0:00 /usr/libexec/dconf-service
user        2403  0.0  0.6 734568 26428 ?        SNsl 06:32   0:00 /usr/libexec/tracker-miner-fs-3
user        2411  0.0  0.6 2523328 27008 ?       Sl   06:32   0:00 /usr/bin/gjs -m /usr/share/gnome-shell/org.gnome.ScreenSaver
user        2425  0.0  0.7 428472 28364 ?        Sl   06:32   0:00 /snap/snapd-desktop-integration/315/usr/bin/snapd-desktop-integration
user        2430  0.0  0.2 535708  8896 ?        Sl   06:32   0:00 /usr/libexec/gvfsd-trash --spawner :1.20 /org/gtk/gvfs/exec_spaw/0
user        2431  0.0  0.1 236304  6268 ?        Ssl  06:32   0:00 /usr/libexec/gvfsd-metadata
user        2433  0.0  0.6 890848 24172 ?        Ssl  06:32   0:00 /usr/libexec/evolution-calendar-factory
user        2478  0.0  1.5 2941476 62816 ?       Sl   06:32   0:00 gjs /usr/share/gnome-shell/extensions/ding@rastersoft.com/app/ding.js -E -P /usr/share/gnome-shell/extensions/ding@rastersoft.com/app
user        2529  0.0  0.7 825440 29792 ?        Ssl  06:32   0:00 /usr/libexec/evolution-addressbook-factory
user        2596  0.0  0.3 554140 14560 ?        Ssl  06:32   0:00 /usr/libexec/xdg-desktop-portal
user        2601  0.0  1.0 909140 41068 ?        Ssl  06:32   0:00 /usr/libexec/xdg-desktop-portal-gnome
user        2619  0.0  0.6 417740 25960 ?        Ssl  06:32   0:00 /usr/libexec/xdg-desktop-portal-gtk
user        2651  0.3  1.4 628292 59256 ?        Ssl  06:32   0:07 /usr/libexec/gnome-terminal-server
user        2658  0.0  0.1  12452  6348 pts/0    Ss   06:32   0:00 bash
user        2778  3.1 13.4 3276800 540748 ?      Sl   06:32   0:58 /snap/firefox/6836/usr/lib/firefox/firefox
user        2853  0.0  0.0  21124  2744 ?        Sl   06:32   0:00 /snap/firefox/6836/usr/lib/firefox/crashhelper 2778 9 /tmp/ 10 12
user        2956  0.0  0.8 298916 33932 ?        S    06:32   0:00 /snap/firefox/6836/usr/lib/firefox/firefox -contentproc -ipcHandle 0 -signalPipe 1 -initialChannelId {7fb1b510-a21e-485e-b964-b4157de32392} -parentPid 2778 -greomni /snap/firefox/6836/usr/lib/firefox/omni.ja -appomni /snap/firefox/6836/usr/lib/firefox/browser/omni.ja -appDir /snap/firefox/6836/usr/lib/firefox/browser 1 forkserver
user        2961  0.0  0.9 313312 39276 ?        Sl   06:32   0:00 /snap/firefox/6836/usr/lib/firefox/firefox -contentproc -parentBuildID 20250919050651 -prefsHandle 0:34848 -prefMapHandle 1:273496 -sandboxReporter 2 -chrootClient 3 -ipcHandle 4 -initialChannelId {dc42c222-90d8-4f4b-bc65-f487eb0e4933} -parentPid 2778 -crashReporter 5 -crashHelper 6 -appDir /snap/firefox/6836/usr/lib/firefox/browser 2 socket
user        2975  0.0  2.4 2468152 98380 ?       Sl   06:32   0:00 /snap/firefox/6836/usr/lib/firefox/firefox -contentproc -isForBrowser -prefsHandle 0:34848 -prefMapHandle 1:273496 -jsInitHandle 2:223368 -parentBuildID 20250919050651 -sandboxReporter 3 -chrootClient 4 -ipcHandle 5 -initialChannelId {627c46bf-8e97-4165-8016-fc3ed31f29aa} -parentPid 2778 -crashReporter 6 -crashHelper 7 -greomni /snap/firefox/6836/usr/lib/firefox/omni.ja -appomni /snap/firefox/6836/usr/lib/firefox/browser/omni.ja -appDir /snap/firefox/6836/usr/lib/firefox/browser 3 tab
user        2986  0.0  1.4 450968 57076 ?        Sl   06:32   0:00 /snap/firefox/6836/usr/lib/firefox/firefox -contentproc -parentBuildID 20250919050651 -prefsHandle 0:34848 -prefMapHandle 1:273496 -sandboxReporter 2 -chrootClient 3 -ipcHandle 4 -initialChannelId {0b0c48ca-0217-4097-a9af-e0ffd2412c4c} -parentPid 2778 -crashReporter 5 -crashHelper 6 -appDir /snap/firefox/6836/usr/lib/firefox/browser 4 rdd
user        3013  0.0  3.2 2489244 131636 ?      Sl   06:32   0:01 /snap/firefox/6836/usr/lib/firefox/firefox -contentproc -isForBrowser -prefsHandle 0:34973 -prefMapHandle 1:273496 -jsInitHandle 2:223368 -parentBuildID 20250919050651 -sandboxReporter 3 -chrootClient 4 -ipcHandle 5 -initialChannelId {aa1fda02-963b-4024-8745-593f7ea43247} -parentPid 2778 -crashReporter 6 -crashHelper 7 -greomni /snap/firefox/6836/usr/lib/firefox/omni.ja -appomni /snap/firefox/6836/usr/lib/firefox/browser/omni.ja -appDir /snap/firefox/6836/usr/lib/firefox/browser 5 tab
user        3052  0.0  0.6 1839804 24732 ?       Sl   06:32   0:00 /usr/bin/snap userd
user        3521  0.0  1.3 450448 55732 ?        Sl   06:32   0:00 /snap/firefox/6836/usr/lib/firefox/firefox -contentproc -parentBuildID 20250919050651 -sandboxingKind 0 -prefsHandle 0:45887 -prefMapHandle 1:273496 -sandboxReporter 2 -chrootClient 3 -ipcHandle 4 -initialChannelId {71df6ca7-d29a-408e-9388-308eee431d9c} -parentPid 2778 -crashReporter 5 -crashHelper 6 -appDir /snap/firefox/6836/usr/lib/firefox/browser 6 utility
user        3528  1.3  5.8 2628092 235788 ?      Sl   06:32   0:25 /snap/firefox/6836/usr/lib/firefox/firefox -contentproc -isForBrowser -prefsHandle 0:42984 -prefMapHandle 1:273496 -jsInitHandle 2:223368 -parentBuildID 20250919050651 -sandboxReporter 3 -chrootClient 4 -ipcHandle 5 -initialChannelId {61df95bf-271a-4e44-af0a-6d181a2822aa} -parentPid 2778 -crashReporter 6 -crashHelper 7 -greomni /snap/firefox/6836/usr/lib/firefox/omni.ja -appomni /snap/firefox/6836/usr/lib/firefox/browser/omni.ja -appDir /snap/firefox/6836/usr/lib/firefox/browser 7 tab
user        3791  0.0  1.7 246668 68776 ?        S    06:33   0:00 /usr/bin/Xwayland :0 -rootless -noreset -accessx -core -auth /run/user/1000/.mutter-Xwaylandauth.WU5GD3 -listenfd 4 -listenfd 5 -displayfd 6 -initfd 7 -byteswappedclients
user        3795  0.0  1.9 626512 80032 ?        Ssl  06:33   0:00 /usr/libexec/gsd-xsettings
user        3817  0.0  0.6 267152 24644 ?        Sl   06:33   0:00 /usr/libexec/ibus-x11
user        3821  0.0  2.4 1398584 98308 ?       Sl   06:33   0:00 /usr/libexec/mutter-x11-frames
user        3852  0.0  0.7 568720 31356 ?        Sl   06:33   0:00 /usr/bin/update-notifier
user        3979  0.8 10.0 2523956 402504 ?      Sl   06:34   0:14 /usr/bin/nautilus --gapplication-service
user        4009  0.0  0.2 388228  8232 ?        Sl   06:34   0:00 /usr/libexec/gvfsd-recent --spawner :1.20 /org/gtk/gvfs/exec_spaw/1
user        4240  0.0  1.7 2426884 68420 ?       Sl   06:37   0:00 /snap/firefox/6836/usr/lib/firefox/firefox -contentproc -isForBrowser -prefsHandle 0:43077 -prefMapHandle 1:273496 -jsInitHandle 2:223368 -parentBuildID 20250919050651 -sandboxReporter 3 -chrootClient 4 -ipcHandle 5 -initialChannelId {f185ccf6-562a-4905-a1c8-cbc76dd460a7} -parentPid 2778 -crashReporter 6 -crashHelper 7 -greomni /snap/firefox/6836/usr/lib/firefox/omni.ja -appomni /snap/firefox/6836/usr/lib/firefox/browser/omni.ja -appDir /snap/firefox/6836/usr/lib/firefox/browser 13 tab
user        4248  0.0  1.7 2426884 68480 ?       Sl   06:37   0:00 /snap/firefox/6836/usr/lib/firefox/firefox -contentproc -isForBrowser -prefsHandle 0:43077 -prefMapHandle 1:273496 -jsInitHandle 2:223368 -parentBuildID 20250919050651 -sandboxReporter 3 -chrootClient 4 -ipcHandle 5 -initialChannelId {db57bcde-3f13-4835-abcc-18eda53c6c09} -parentPid 2778 -crashReporter 6 -crashHelper 7 -greomni /snap/firefox/6836/usr/lib/firefox/omni.ja -appomni /snap/firefox/6836/usr/lib/firefox/browser/omni.ja -appDir /snap/firefox/6836/usr/lib/firefox/browser 14 tab
user        4318  0.0  1.7 2426884 68544 ?       Sl   06:37   0:00 /snap/firefox/6836/usr/lib/firefox/firefox -contentproc -isForBrowser -prefsHandle 0:43183 -prefMapHandle 1:273496 -jsInitHandle 2:223368 -parentBuildID 20250919050651 -sandboxReporter 3 -chrootClient 4 -ipcHandle 5 -initialChannelId {b04f5b7c-54e4-4408-91b3-9623fb468ebd} -parentPid 2778 -crashReporter 6 -crashHelper 7 -greomni /snap/firefox/6836/usr/lib/firefox/omni.ja -appomni /snap/firefox/6836/usr/lib/firefox/browser/omni.ja -appDir /snap/firefox/6836/usr/lib/firefox/browser 15 tab
user        4378  0.0  0.1   8432  5864 ?        S    06:39   0:00 /usr/bin/ssh-agent -D -a /run/user/1000/keyring/.ssh
user        5013  0.0  0.1  13748  4652 pts/0    R+   07:04   0:00 ps auxw
user        5014  0.0  0.1  12452  4548 pts/0    S+   07:04   0:00 bash
user        5015  0.0  0.1  12452  4604 pts/0    D+   07:04   0:00 bash
