top - 07:16:45 up 45 min,  1 user,  load average: 0.07, 0.09, 0.10
Tasks: 235 total,   2 running, 233 sleeping,   0 stopped,   0 zombie
%Cpu(s):  0.9 us,  0.0 sy,  0.0 ni, 99.1 id,  0.0 wa,  0.0 hi,  0.0 si,  0.0 st 
MiB Mem :   3915.9 total,    470.2 free,   1875.4 used,   1663.6 buff/cache     
MiB Swap:      0.0 total,      0.0 free,      0.0 used.   2040.4 avail Mem 

    PID USER      PR  NI    VIRT    RES    SHR S  %CPU  %MEM     TIME+ COMMAND
   1987 user      20   0 5068340 439420 161044 R   3.1  11.0   2:19.78 gnome-s+
   4248 user      20   0 2426884  68480  54176 S   3.1   1.7   0:00.82 Web Con+
      1 root      20   0   23144  13888   9408 S   0.0   0.3   0:00.95 systemd
      2 root      20   0       0      0      0 S   0.0   0.0   0:00.00 kthreadd
      3 root      20   0       0      0      0 S   0.0   0.0   0:00.00 pool_wo+
      4 root       0 -20       0      0      0 I   0.0   0.0   0:00.00 kworker+
      5 root       0 -20       0      0      0 I   0.0   0.0   0:00.00 kworker+
      6 root       0 -20       0      0      0 I   0.0   0.0   0:00.00 kworker+
      7 root       0 -20       0      0      0 I   0.0   0.0   0:00.00 kworker+
      8 root       0 -20       0      0      0 I   0.0   0.0   0:00.00 kworker+
     11 root       0 -20       0      0      0 I   0.0   0.0   0:00.00 kworker+
     12 root      20   0       0      0      0 I   0.0   0.0   0:00.00 kworker+
     13 root       0 -20       0      0      0 I   0.0   0.0   0:00.00 kworker+
     14 root      20   0       0      0      0 I   0.0   0.0   0:00.00 rcu_tas+
     15 root      20   0       0      0      0 I   0.0   0.0   0:00.00 rcu_tas+
     16 root      20   0       0      0      0 I   0.0   0.0   0:00.00 rcu_tas+
     17 root      20   0       0      0      0 S   0.0   0.0   0:00.01 ksoftir+
     18 root      20   0       0      0      0 I   0.0   0.0   0:00.77 rcu_pre+
     19 root      20   0       0      0      0 S   0.0   0.0   0:00.00 rcu_exp+
     20 root      20   0       0      0      0 S   0.0   0.0   0:00.00 rcu_exp+
     21 root      rt   0       0      0      0 S   0.0   0.0   0:00.01 migrati+
     22 root     -51   0       0      0      0 S   0.0   0.0   0:00.00 idle_in+
     23 root      20   0       0      0      0 S   0.0   0.0   0:00.00 cpuhp/0
     24 root      20   0       0      0      0 S   0.0   0.0   0:00.00 cpuhp/1
     25 root     -51   0       0      0      0 S   0.0   0.0   0:00.00 idle_in+
     26 root      rt   0       0      0      0 S   0.0   0.0   0:00.18 migrati+
     27 root      20   0       0      0      0 S   0.0   0.0   0:00.07 ksoftir+
     29 root       0 -20       0      0      0 I   0.0   0.0   0:00.00 kworker+
     30 root      20   0       0      0      0 S   0.0   0.0   0:00.00 cpuhp/2
     31 root     -51   0       0      0      0 S   0.0   0.0   0:00.00 idle_in+
     32 root      rt   0       0      0      0 S   0.0   0.0   0:00.18 migrati+
     33 root      20   0       0      0      0 S   0.0   0.0   0:00.02 ksoftir+
     35 root       0 -20       0      0      0 I   0.0   0.0   0:00.00 kworker+
     36 root      20   0       0      0      0 S   0.0   0.0   0:00.00 cpuhp/3
     37 root     -51   0       0      0      0 S   0.0   0.0   0:00.00 idle_in+
     38 root      rt   0       0      0      0 S   0.0   0.0   0:00.17 migrati+
     39 root      20   0       0      0      0 S   0.0   0.0   0:00.02 ksoftir+
     40 root      20   0       0      0      0 I   0.0   0.0   0:00.04 kworker+
     41 root       0 -20       0      0      0 I   0.0   0.0   0:00.00 kworker+
     42 root      20   0       0      0      0 I   0.0   0.0   0:00.04 kworker+
     46 root      20   0       0      0      0 S   0.0   0.0   0:00.00 kdevtmp+
     47 root       0 -20       0      0      0 I   0.0   0.0   0:00.00 kworker+
     48 root      20   0       0      0      0 S   0.0   0.0   0:00.00 kauditd
     49 root      20   0       0      0      0 S   0.0   0.0   0:00.00 khungta+
     50 root      20   0       0      0      0 S   0.0   0.0   0:00.00 oom_rea+
     52 root       0 -20       0      0      0 I   0.0   0.0   0:00.00 kworker+
     54 root      20   0       0      0      0 S   0.0   0.0   0:00.08 kcompac+
     55 root      25   5       0      0      0 S   0.0   0.0   0:00.00 ksmd
     56 root      39  19       0      0      0 S   0.0   0.0   0:00.00 khugepa+
     57 root       0 -20       0      0      0 I   0.0   0.0   0:00.00 kworker+
     58 root       0 -20       0      0      0 I   0.0   0.0   0:00.00 kworker+
     59 root       0 -20       0      0      0 I   0.0   0.0   0:00.00 kworker+
     60 root     -51   0       0      0      0 S   0.0   0.0   0:00.00 irq/9-a+
     63 root       0 -20       0      0      0 I   0.0   0.0   0:00.00 kworker+
     64 root       0 -20       0      0      0 I   0.0   0.0   0:00.00 kworker+
     65 root       0 -20       0      0      0 I   0.0   0.0   0:00.00 kworker+
     66 root       0 -20       0      0      0 I   0.0   0.0   0:00.00 kworker+
     67 root       0 -20       0      0      0 I   0.0   0.0   0:00.00 kworker+
     68 root       0 -20       0      0      0 I   0.0   0.0   0:00.00 kworker+
     69 root     -51   0       0      0      0 S   0.0   0.0   0:00.00 watchdo+
     71 root       0 -20       0      0      0 I   0.0   0.0   0:00.11 kworker+
     73 root      20   0       0      0      0 S   0.0   0.0   0:00.00 kswapd0
     74 root      20   0       0      0      0 S   0.0   0.0   0:00.00 ecryptf+
     75 root       0 -20       0      0      0 I   0.0   0.0   0:00.00 kworker+
     76 root       0 -20       0      0      0 I   0.0   0.0   0:00.00 kworker+
     77 root      20   0       0      0      0 S   0.0   0.0   0:00.00 scsi_eh+
     78 root       0 -20       0      0      0 I   0.0   0.0   0:00.00 kworker+
     79 root      20   0       0      0      0 S   0.0   0.0   0:00.01 scsi_eh+
     80 root       0 -20       0      0      0 I   0.0   0.0   0:00.00 kworker+
     83 root      20   0       0      0      0 I   0.0   0.0   0:04.86 kworker+
     85 root       0 -20       0      0      0 I   0.0   0.0   0:00.00 kworker+
     86 root       0 -20       0      0      0 I   0.0   0.0   0:00.00 kworker+
     88 root      20   0       0      0      0 I   0.0   0.0   0:00.00 kworker+
     95 root       0 -20       0      0      0 I   0.0   0.0   0:00.00 kworker+
     97 root       0 -20       0      0      0 I   0.0   0.0   0:00.03 kworker+
     98 root       0 -20       0      0      0 I   0.0   0.0   0:00.00 kworker+
     99 root       0 -20       0      0      0 I   0.0   0.0   0:00.00 kworker+
    100 root       0 -20       0      0      0 I   0.0   0.0   0:00.00 kworker+
    101 root       0 -20       0      0      0 I   0.0   0.0   0:00.00 kworker+
    102 root       0 -20       0      0      0 I   0.0   0.0   0:00.00 kworker+
    106 root      20   0       0      0      0 I   0.0   0.0   0:00.08 kworker+
    117 root       0 -20       0      0      0 I   0.0   0.0   0:00.00 kworker+
    118 root       0 -20       0      0      0 I   0.0   0.0   0:00.02 kworker+
    170 root      20   0       0      0      0 I   0.0   0.0   0:01.41 kworker+
    173 root      20   0       0      0      0 S   0.0   0.0   0:00.17 scsi_eh+
    174 root       0 -20       0      0      0 I   0.0   0.0   0:00.00 kworker+
    192 root       0 -20       0      0      0 I   0.0   0.0   0:00.00 kworker+
    199 root      20   0       0      0      0 I   0.0   0.0   0:00.02 kworker+
    233 root      20   0       0      0      0 S   0.0   0.0   0:00.16 jbd2/sd+
    234 root       0 -20       0      0      0 I   0.0   0.0   0:00.00 kworker+
    284 root      19  -1   50840  17216  15936 S   0.0   0.4   0:00.19 systemd+
    355 root      20   0       0      0      0 I   0.0   0.0   0:00.04 kworker+
    357 root      20   0   30588   8364   4908 S   0.0   0.2   0:00.11 systemd+
    358 root      20   0       0      0      0 I   0.0   0.0   0:00.04 kworker+
    403 systemd+  20   0   17560   7432   6664 S   0.0   0.2   0:00.52 systemd+
    404 systemd+  20   0   21724  13000  10696 S   0.0   0.3   0:00.10 systemd+
    405 systemd+  20   0   91048   7824   6928 S   0.0   0.2   0:00.03 systemd+
    466 root      -2   0       0      0      0 S   0.0   0.0   0:00.00 psimon
    575 root       0 -20       0      0      0 I   0.0   0.0   0:00.05 kworker+
    584 root       0 -20       0      0      0 I   0.0   0.0   0:00.00 kworker+
    587 root     -51   0       0      0      0 S   0.0   0.0   0:00.00 irq/18-+
    589 root       0 -20       0      0      0 I   0.0   0.0   0:00.00 kworker+
    856 avahi     20   0    8760   4320   4064 S   0.0   0.1   0:00.04 avahi-d+
    857 message+  20   0   12160   7216   4528 S   0.0   0.2   0:00.35 dbus-da+
    860 gnome-r+  20   0  439076  15948  13644 S   0.0   0.4   0:00.02 gnome-r+
    876 polkitd   20   0  390980  12136   8248 S   0.0   0.3   0:00.35 polkitd
    877 root      20   0  313376   7476   6836 S   0.0   0.2   0:00.02 power-p+
    880 root      20   0 1996844  38100  24924 S   0.0   1.0   0:01.03 snapd
    881 root      20   0  313292   7484   6716 S   0.0   0.2   0:00.08 account+
    883 root      20   0    9424   2620   2492 S   0.0   0.1   0:00.00 cron
    884 root      20   0  309720   6636   6124 S   0.0   0.2   0:00.01 switche+
    886 root      20   0   18152   8636   7740 S   0.0   0.2   0:00.07 systemd+
    887 root      20   0  469612  14316  11628 S   0.0   0.4   0:00.10 udisksd
    898 avahi     20   0    8480   1416   1148 S   0.0   0.0   0:00.00 avahi-d+
    899 syslog    20   0  222588   5812   4404 S   0.0   0.1   0:00.05 rsyslogd
    944 root      20   0  336948  19796  16468 S   0.0   0.5   0:00.21 Network+
    945 root      20   0   17380   6232   5464 S   0.0   0.2   0:00.01 wpa_sup+
    968 root      20   0  318296  12600  10680 S   0.0   0.3   0:00.05 ModemMa+
   1095 root      20   0   38236  11584   9664 S   0.0   0.3   0:00.00 cupsd
   1099 root      20   0  112256  22824  13480 S   0.0   0.6   0:00.04 unatten+
   1114 root      20   0   12020   7936   6912 S   0.0   0.2   0:00.00 sshd
   1157 root      20   0  314824   9064   8168 S   0.0   0.2   0:00.02 gdm3
   1158 kernoops  20   0   12744   2284   1876 S   0.0   0.1   0:00.00 kernelo+
   1161 kernoops  20   0   12744   2324   1932 S   0.0   0.1   0:00.00 kernelo+
   1174 lp        20   0   16832   6860   5964 S   0.0   0.2   0:00.00 dbus
   1175 lp        20   0   16832   6792   5896 S   0.0   0.2   0:00.00 dbus
   1176 cups-br+  20   0  268352  19668  16852 S   0.0   0.5   0:00.02 cups-br+
   1192 root      -2   0       0      0      0 S   0.0   0.0   0:00.00 psimon
   1262 rtkit     21   1   22940   3480   3224 S   0.0   0.1   0:00.03 rtkit-d+
   1364 colord    20   0  320060  14336   9760 S   0.0   0.4   0:00.07 colord
   1410 root      20   0  316688   9100   7564 S   0.0   0.2   0:00.03 upowerd
   1723 root      20   0  242584  10196   8916 S   0.0   0.3   0:00.01 gdm-ses+
   1734 user      20   0   21156  12540   9596 S   0.0   0.3   0:00.33 systemd
   1737 user      20   0   21460   3664   1860 S   0.0   0.1   0:00.00 (sd-pam)
   1748 user       9 -11  122028  19460   8836 S   0.0   0.5   0:00.40 pipewire
   1750 user      20   0   97736   5924   5156 S   0.0   0.1   0:00.00 pipewire
   1753 user      20   0   39136  12060  10652 S   0.0   0.3   0:00.40 snapd-d+
   1755 user       9 -11  406908  18632  13768 S   0.0   0.5   0:00.30 wireplu+
   1759 user       9 -11  122856  19216  10792 S   0.0   0.5   0:00.17 pipewir+
   1763 user      20   0   10960   6428   4636 S   0.0   0.2   0:00.49 dbus-da+
   1765 user      20   0  463972  10176   9280 S   0.0   0.3   0:00.04 gnome-k+
   1802 user      20   0  610292   7396   6756 S   0.0   0.2   0:00.03 xdg-doc+
   1806 user      20   0  309308   6000   5616 S   0.0   0.1   0:00.00 xdg-per+
   1813 root      20   0    2704   1876   1876 S   0.0   0.0   0:00.00 fusermo+
   1851 user      20   0  235668   6048   5664 S   0.0   0.2   0:00.00 gdm-way+
   1855 user      20   0  298236  16380  14588 S   0.0   0.4   0:00.01 gnome-s+
   1908 user      20   0  162652   6924   6284 S   0.0   0.2   0:00.00 gcr-ssh+
   1910 user      20   0   91548   5576   5192 S   0.0   0.1   0:00.00 gnome-s+
   1921 user      20   0  314268   7780   7140 S   0.0   0.2   0:00.02 gvfsd
   1940 user      20   0  459708   7044   6404 S   0.0   0.2   0:00.00 gvfsd-f+
   1944 user      20   0  594216  17892  15332 S   0.0   0.4   0:00.09 gnome-s+
   1973 user      20   0  382940   7724   7084 S   0.0   0.2   0:00.00 at-spi-+
   1986 user      20   0    9612   5112   4600 S   0.0   0.1   0:00.12 dbus-da+
   2043 user      20   0  236068   7352   6712 S   0.0   0.2   0:00.00 at-spi2+
   2063 user      20   0  654716  17224  14792 S   0.0   0.4   0:00.01 gnome-s+
   2073 user      20   0 2531636  26836  22152 S   0.0   0.7   0:00.03 gjs
   2088 user      20   0  388836  11904   6788 S   0.0   0.3   0:01.91 ibus-da+
   2089 user      20   0  383520   6492   5980 S   0.0   0.2   0:00.00 gsd-a11+
   2092 user      20   0  412976  19940  17124 S   0.0   0.5   0:00.06 gsd-col+
   2094 user      20   0  431672  12276  10996 S   0.0   0.3   0:00.01 gsd-dat+
   2096 user      20   0  458868   7688   7048 S   0.0   0.2   0:00.03 gsd-hou+
   2098 user      20   0  485548  19428  16612 S   0.0   0.5   0:00.05 gsd-key+
   2099 user      20   0  520356  24840  21384 S   0.0   0.6   0:00.09 gsd-med+
   2101 user      20   0  523592  23768  20056 S   0.0   0.6   0:00.07 gsd-pow+
   2103 user      20   0  323628  11468  10060 S   0.0   0.3   0:00.01 gsd-pri+
   2104 user      20   0  531084   6272   5760 S   0.0   0.2   0:00.00 gsd-rfk+
   2105 user      20   0  309560   6008   5624 S   0.0   0.1   0:00.00 gsd-scr+
   2109 user      20   0  543188  11576   9912 S   0.0   0.3   0:00.01 gsd-sha+
   2110 user      20   0  385820   8136   7240 S   0.0   0.2   0:00.01 gsd-sma+
   2111 user      20   0  393636   9656   8632 S   0.0   0.2   0:00.01 gsd-sou+
   2112 user      20   0  412672  20080  17008 S   0.0   0.5   0:00.06 gsd-wac+
   2143 user      20   0  305624   7284   6132 S   0.0   0.2   0:00.00 gsd-dis+
   2150 user      20   0  823680  60312  46616 S   0.0   1.5   0:00.13 evoluti+
   2213 user      20   0  416236  14616  12952 S   0.0   0.4   0:00.00 gsd-pri+
   2270 user      20   0  236644   6992   6480 S   0.0   0.2   0:00.00 ibus-me+
   2271 user      20   0  421532  29556  18432 S   0.0   0.7   0:01.79 ibus-ex+
   2275 user      20   0  463052  10732   9068 S   0.0   0.3   0:00.07 gvfs-ud+
   2279 user      20   0  310424   7084   6572 S   0.0   0.2   0:00.01 ibus-po+
   2294 user      20   0  389376   7828   6932 S   0.0   0.2   0:00.08 gvfs-af+
   2308 user      20   0  592744  42596  34532 S   0.0   1.1   0:00.05 evoluti+
   2309 user      20   0  310760   6708   6196 S   0.0   0.2   0:00.00 gvfs-gp+
   2314 user      20   0  309792   6376   5992 S   0.0   0.2   0:00.00 gvfs-mt+
   2319 user      20   0  309772   6136   5752 S   0.0   0.2   0:00.00 gvfs-go+
   2333 user      20   0  546660  23976  20520 S   0.0   0.6   0:00.01 goa-dae+
   2341 user      20   0  462856   9012   8116 S   0.0   0.2   0:00.00 goa-ide+
   2359 user      20   0  236768   7012   6500 S   0.0   0.2   0:00.63 ibus-en+
   2397 user      20   0  230232   5688   5304 S   0.0   0.1   0:00.01 dconf-s+
   2403 user      39  19  734568  26428  18384 S   0.0   0.7   0:00.08 tracker+
   2411 user      20   0 2523328  27008  22256 S   0.0   0.7   0:00.02 gjs
   2425 user      20   0  428472  28364  21944 S   0.0   0.7   0:00.12 snapd-d+
   2430 user      20   0  535708   8896   7744 S   0.0   0.2   0:00.02 gvfsd-t+
   2431 user      20   0  236304   6268   5884 S   0.0   0.2   0:00.00 gvfsd-m+
   2433 user      20   0  890848  24172  20972 S   0.0   0.6   0:00.03 evoluti+
   2478 user      20   0 2941476  62560  47024 S   0.0   1.6   0:00.67 gjs
   2529 user      20   0  825440  29792  26080 S   0.0   0.7   0:00.02 evoluti+
   2596 user      20   0  554140  14560  11808 S   0.0   0.4   0:00.14 xdg-des+
   2601 user      20   0  909140  41068  31092 S   0.0   1.0   0:00.26 xdg-des+
   2619 user      20   0  417748  25960  19304 S   0.0   0.6   0:00.09 xdg-des+
   2651 user      20   0  629408  60380  43924 S   0.0   1.5   0:09.61 gnome-t+
   2658 user      20   0   12712   6604   3788 S   0.0   0.2   0:00.15 bash
   2778 user      20   0 3278908 545396 184400 S   0.0  13.6   1:06.76 firefox
   2853 user      20   0   21124   2744   2456 S   0.0   0.1   0:00.00 crashhe+
   2956 user      20   0  298916  33932  25100 S   0.0   0.8   0:00.02 forkser+
   2961 user      20   0  313312  39276  29584 S   0.0   1.0   0:00.00 Socket +
   2975 user      20   0 2468152  98380  68524 S   0.0   2.5   0:00.40 WebExte+
   2986 user      20   0  450968  57076  44056 S   0.0   1.4   0:00.07 RDD Pro+
   3013 user      20   0 2489260 132276  84328 S   0.0   3.3   0:01.71 Privile+
   3052 user      20   0 1839804  24732  16364 S   0.0   0.6   0:00.07 snap
   3521 user      20   0  450448  55732  42968 S   0.0   1.4   0:00.05 Utility+
   3528 user      20   0 2628092 235916  90572 S   0.0   5.9   0:30.78 Isolate+
   3791 user      20   0  246668  68776  55360 S   0.0   1.7   0:00.12 Xwayland
   3795 user      20   0  626512  80032  64120 S   0.0   2.0   0:00.12 gsd-xse+
   3817 user      20   0  267152  24644  18004 S   0.0   0.6   0:00.05 ibus-x11
   3821 user      20   0 1398584  98308  73732 S   0.0   2.5   0:00.12 mutter-+
   3852 user      20   0  568720  31356  23804 S   0.0   0.8   0:00.13 update-+
   3979 user      20   0 2523972 404000 123476 S   0.0  10.1   0:20.18 nautilus
   4009 user      20   0  388228   8232   7464 S   0.0   0.2   0:00.00 gvfsd-r+
   4233 root      20   0       0      0      0 I   0.0   0.0   0:00.11 kworker+
   4240 user      20   0 2426884  68420  54116 S   0.0   1.7   0:00.83 Web Con+
   4318 user      20   0 2426884  68544  54112 S   0.0   1.7   0:00.82 Web Con+
   4378 user      20   0    8432   5864   5096 S   0.0   0.1   0:00.00 ssh-age+
   4444 root      20   0       0      0      0 I   0.0   0.0   0:00.06 kworker+
   4497 root      20   0       0      0      0 I   0.0   0.0   0:00.00 kworker+
   4515 root      20   0       0      0      0 I   0.0   0.0   0:00.00 kworker+
   4614 root      20   0       0      0      0 I   0.0   0.0   0:00.00 kworker+
   4777 root      20   0       0      0      0 I   0.0   0.0   0:01.53 kworker+
   4904 root      20   0       0      0      0 I   0.0   0.0   0:00.00 kworker+
   4931 root      20   0       0      0      0 I   0.0   0.0   0:00.00 kworker+
   5188 root      20   0       0      0      0 I   0.0   0.0   0:00.80 kworker+
   5191 root      20   0       0      0      0 I   0.0   0.0   0:00.01 kworker+
   5202 root      20   0       0      0      0 I   0.0   0.0   0:00.00 kworker+
   5292 root      20   0       0      0      0 I   0.0   0.0   0:00.00 kworker+
   5300 root      20   0       0      0      0 I   0.0   0.0   0:00.99 kworker+
   5411 root      20   0       0      0      0 I   0.0   0.0   0:00.00 kworker+
   5454 user      20   0   14500   5400   3352 R   0.0   0.1   0:00.00 top
